<?xml version="1.0" encoding="UTF-8"?>
<!-- Generated by org.testng.reporters.JUnitReportReporter -->
<testsuite hostname="ip-172-31-17-120" failures="0" tests="1" name="medicare_admin_test.Login_adminpage_test" time="10.836" errors="0" timestamp="2023-06-23T01:47:33 UTC" skipped="0">
  <testcase classname="medicare_admin_test.Login_adminpage_test" name="adminlogin" time="10.836"/>
</testsuite> <!-- medicare_admin_test.Login_adminpage_test -->
