<?xml version="1.0" encoding="UTF-8"?>
<!-- Generated by org.testng.reporters.JUnitReportReporter -->
<testsuite hostname="ip-172-31-17-120" failures="0" tests="1" name="medicarepagetest.Homepagetest" time="3.275" errors="0" timestamp="2023-06-21T12:01:32 UTC" skipped="0">
  <testcase classname="medicarepagetest.Homepagetest" name="login" time="3.275"/>
</testsuite> <!-- medicarepagetest.Homepagetest -->
