<?xml version="1.0" encoding="UTF-8"?>
<!-- Generated by org.testng.reporters.JUnitReportReporter -->
<testsuite hostname="ip-172-31-17-120" failures="0" tests="1" name="medicare_admin_test.Manage_product_page_test" time="34.749" errors="0" timestamp="2023-06-23T16:03:42 UTC" skipped="0">
  <testcase classname="medicare_admin_test.Manage_product_page_test" name="Manageproductpage" time="34.749"/>
</testsuite> <!-- medicare_admin_test.Manage_product_page_test -->
