<?xml version="1.0" encoding="UTF-8"?>
<!-- Generated by org.testng.reporters.JUnitReportReporter -->
<testsuite hostname="ip-172-31-17-120" failures="0" tests="1" name="medicare_admin_test.Edit_page_test" time="161.880" errors="0" timestamp="2023-07-03T17:47:47 UTC" skipped="0">
  <testcase classname="medicare_admin_test.Edit_page_test" name="editpage" time="161.880"/>
</testsuite> <!-- medicare_admin_test.Edit_page_test -->
