<?xml version="1.0" encoding="UTF-8"?>
<!-- Generated by org.testng.reporters.JUnitReportReporter -->
<testsuite hostname="ip-172-31-17-120" failures="0" tests="1" name="medicarepagetest.Payment_page_test" time="38.814" errors="0" timestamp="2023-06-21T14:19:15 UTC" skipped="0">
  <testcase classname="medicarepagetest.Payment_page_test" name="payment" time="38.814"/>
</testsuite> <!-- medicarepagetest.Payment_page_test -->
