<?xml version="1.0" encoding="UTF-8"?>
<!-- Generated by org.testng.reporters.JUnitReportReporter -->
<testsuite hostname="ip-172-31-17-120" failures="0" tests="1" name="medicarepagetest.Signup_addresstest" time="29.542" errors="0" timestamp="2023-06-21T13:59:54 UTC" skipped="0">
  <testcase classname="medicarepagetest.Signup_addresstest" name="Signup" time="29.542"/>
</testsuite> <!-- medicarepagetest.Signup_addresstest -->
