<?xml version="1.0" encoding="UTF-8"?>
<!-- Generated by org.testng.reporters.JUnitReportReporter -->
<testsuite hostname="ip-172-31-17-120" failures="0" tests="1" name="medicarepagetest.Loginpagetest" time="13.838" errors="0" timestamp="2023-06-21T13:33:52 UTC" skipped="0">
  <testcase classname="medicarepagetest.Loginpagetest" name="loingpage" time="13.838"/>
</testsuite> <!-- medicarepagetest.Loginpagetest -->
